<?xml version="1.0" encoding="UTF-8"?>
<coverage generated="1520841198091" clover="3.2.0">
  <project timestamp="1520841198091" name="All files">
    <metrics statements="18" coveredstatements="18" conditionals="22" coveredconditionals="18" methods="0" coveredmethods="0" elements="40" coveredelements="36" complexity="0" loc="18" ncloc="18" packages="1" files="1" classes="1">
      <file name="cookie.js" path="/Users/reking/Documents/Working/other/e-utils/lib/cookie.js">
        <metrics statements="18" coveredstatements="18" conditionals="22" coveredconditionals="18" methods="0" coveredmethods="0"/>
        <line num="5" count="1" type="stmt"/>
        <line num="14" count="7" type="cond" truecount="5" falsecount="0"/>
        <line num="15" count="5" type="stmt"/>
        <line num="16" count="5" type="stmt"/>
        <line num="18" count="5" type="cond" truecount="1" falsecount="1"/>
        <line num="19" count="5" type="stmt"/>
        <line num="20" count="5" type="stmt"/>
        <line num="24" count="7" type="cond" truecount="2" falsecount="0"/>
        <line num="34" count="7" type="stmt"/>
        <line num="45" count="7" type="cond" truecount="2" falsecount="0"/>
        <line num="46" count="6" type="stmt"/>
        <line num="51" count="7" type="cond" truecount="2" falsecount="0"/>
        <line num="52" count="1" type="stmt"/>
        <line num="53" count="1" type="stmt"/>
        <line num="57" count="7" type="stmt"/>
        <line num="59" count="7" type="stmt"/>
        <line num="73" count="1" type="stmt"/>
        <line num="76" count="1" type="stmt"/>
      </file>
    </metrics>
  </project>
</coverage>
