{"/Users/reking/Documents/Working/other/e-utils/lib/cookie.js": {"path":"/Users/reking/Documents/Working/other/e-utils/lib/cookie.js","statementMap":{"0":{"start":{"line":5,"column":16},"end":{"line":78,"column":1}},"1":{"start":{"line":14,"column":2},"end":{"line":23,"column":3}},"2":{"start":{"line":15,"column":17},"end":{"line":15,"column":44}},"3":{"start":{"line":16,"column":3},"end":{"line":22,"column":4}},"4":{"start":{"line":18,"column":4},"end":{"line":21,"column":5}},"5":{"start":{"line":19,"column":5},"end":{"line":19,"column":50}},"6":{"start":{"line":20,"column":5},"end":{"line":20,"column":11}},"7":{"start":{"line":24,"column":2},"end":{"line":24,"column":39}},"8":{"start":{"line":34,"column":2},"end":{"line":43,"column":4}},"9":{"start":{"line":45,"column":2},"end":{"line":49,"column":3}},"10":{"start":{"line":46,"column":3},"end":{"line":48,"column":5}},"11":{"start":{"line":51,"column":2},"end":{"line":55,"column":3}},"12":{"start":{"line":52,"column":3},"end":{"line":54,"column":17}},"13":{"start":{"line":53,"column":4},"end":{"line":53,"column":34}},"14":{"start":{"line":57,"column":2},"end":{"line":57,"column":32}},"15":{"start":{"line":59,"column":2},"end":{"line":65,"column":14}},"16":{"start":{"line":73,"column":2},"end":{"line":75,"column":5}},"17":{"start":{"line":76,"column":2},"end":{"line":76,"column":24}}},"fnMap":{},"branchMap":{"0":{"loc":{"start":{"line":12,"column":10},"end":{"line":12,"column":37}},"type":"default-arg","locations":[{"start":{"line":12,"column":19},"end":{"line":12,"column":37}}],"line":12},"1":{"loc":{"start":{"line":14,"column":2},"end":{"line":23,"column":3}},"type":"if","locations":[{"start":{"line":14,"column":2},"end":{"line":23,"column":3}},{"start":{"line":14,"column":2},"end":{"line":23,"column":3}}],"line":14},"2":{"loc":{"start":{"line":14,"column":6},"end":{"line":14,"column":54}},"type":"binary-expr","locations":[{"start":{"line":14,"column":6},"end":{"line":14,"column":9}},{"start":{"line":14,"column":13},"end":{"line":14,"column":28}},{"start":{"line":14,"column":32},"end":{"line":14,"column":54}}],"line":14},"3":{"loc":{"start":{"line":18,"column":4},"end":{"line":21,"column":5}},"type":"if","locations":[{"start":{"line":18,"column":4},"end":{"line":21,"column":5}},{"start":{"line":18,"column":4},"end":{"line":21,"column":5}}],"line":18},"4":{"loc":{"start":{"line":24,"column":9},"end":{"line":24,"column":38}},"type":"cond-expr","locations":[{"start":{"line":24,"column":17},"end":{"line":24,"column":30}},{"start":{"line":24,"column":33},"end":{"line":24,"column":38}}],"line":24},"5":{"loc":{"start":{"line":45,"column":2},"end":{"line":49,"column":3}},"type":"if","locations":[{"start":{"line":45,"column":2},"end":{"line":49,"column":3}},{"start":{"line":45,"column":2},"end":{"line":49,"column":3}}],"line":45},"6":{"loc":{"start":{"line":51,"column":2},"end":{"line":55,"column":3}},"type":"if","locations":[{"start":{"line":51,"column":2},"end":{"line":55,"column":3}},{"start":{"line":51,"column":2},"end":{"line":55,"column":3}}],"line":51},"7":{"loc":{"start":{"line":61,"column":3},"end":{"line":61,"column":70}},"type":"cond-expr","locations":[{"start":{"line":61,"column":21},"end":{"line":61,"column":65}},{"start":{"line":61,"column":68},"end":{"line":61,"column":70}}],"line":61},"8":{"loc":{"start":{"line":62,"column":3},"end":{"line":62,"column":47}},"type":"cond-expr","locations":[{"start":{"line":62,"column":18},"end":{"line":62,"column":42}},{"start":{"line":62,"column":45},"end":{"line":62,"column":47}}],"line":62},"9":{"loc":{"start":{"line":63,"column":3},"end":{"line":63,"column":53}},"type":"cond-expr","locations":[{"start":{"line":63,"column":20},"end":{"line":63,"column":48}},{"start":{"line":63,"column":51},"end":{"line":63,"column":53}}],"line":63},"10":{"loc":{"start":{"line":64,"column":3},"end":{"line":64,"column":35}},"type":"cond-expr","locations":[{"start":{"line":64,"column":20},"end":{"line":64,"column":30}},{"start":{"line":64,"column":33},"end":{"line":64,"column":35}}],"line":64}},"s":{"0":1,"1":7,"2":5,"3":5,"4":5,"5":5,"6":5,"7":7,"8":7,"9":7,"10":6,"11":7,"12":1,"13":1,"14":7,"15":7,"16":1,"17":1},"f":{},"b":{"0":[7],"1":[5,2],"2":[7,7,5],"3":[5,0],"4":[5,2],"5":[6,1],"6":[1,6],"7":[7,0],"8":[7,0],"9":[1,6],"10":[0,7]},"_coverageSchema":"332fd63041d2c1bcb487cc26dd0d5f7d97098a6c","hash":"f0378482d467a15cedce7305ab3fe286bb0b952b"}
,"/Users/reking/Documents/Working/other/e-utils/lib/currying.js": {"path":"/Users/reking/Documents/Working/other/e-utils/lib/currying.js","statementMap":{"0":{"start":{"line":7,"column":12},"end":{"line":7,"column":39}},"1":{"start":{"line":8,"column":1},"end":{"line":11,"column":3}},"2":{"start":{"line":9,"column":16},"end":{"line":9,"column":53}},"3":{"start":{"line":10,"column":2},"end":{"line":10,"column":33}}},"fnMap":{"0":{"name":"currying","decl":{"start":{"line":6,"column":9},"end":{"line":6,"column":17}},"loc":{"start":{"line":6,"column":22},"end":{"line":12,"column":1}},"line":6},"1":{"name":"(anonymous_1)","decl":{"start":{"line":8,"column":8},"end":{"line":8,"column":9}},"loc":{"start":{"line":8,"column":19},"end":{"line":11,"column":2}},"line":8}},"branchMap":{},"s":{"0":1,"1":1,"2":1,"3":1},"f":{"0":1,"1":1},"b":{},"_coverageSchema":"332fd63041d2c1bcb487cc26dd0d5f7d97098a6c","hash":"80139483dac6668ad17a5fc1e5accf1a3143bab7"}
,"/Users/reking/Documents/Working/other/e-utils/lib/debounce.js": {"path":"/Users/reking/Documents/Working/other/e-utils/lib/debounce.js","statementMap":{"0":{"start":{"line":10,"column":1},"end":{"line":24,"column":3}},"1":{"start":{"line":11,"column":16},"end":{"line":11,"column":20}},"2":{"start":{"line":12,"column":10},"end":{"line":12,"column":19}},"3":{"start":{"line":14,"column":2},"end":{"line":17,"column":3}},"4":{"start":{"line":15,"column":3},"end":{"line":15,"column":14}},"5":{"start":{"line":16,"column":3},"end":{"line":16,"column":34}},"6":{"start":{"line":19,"column":2},"end":{"line":19,"column":33}},"7":{"start":{"line":19,"column":13},"end":{"line":19,"column":33}},"8":{"start":{"line":21,"column":2},"end":{"line":23,"column":11}},"9":{"start":{"line":22,"column":3},"end":{"line":22,"column":27}}},"fnMap":{"0":{"name":"debounce","decl":{"start":{"line":8,"column":9},"end":{"line":8,"column":17}},"loc":{"start":{"line":8,"column":39},"end":{"line":25,"column":1}},"line":8},"1":{"name":"(anonymous_1)","decl":{"start":{"line":10,"column":8},"end":{"line":10,"column":9}},"loc":{"start":{"line":10,"column":19},"end":{"line":24,"column":2}},"line":10},"2":{"name":"(anonymous_2)","decl":{"start":{"line":21,"column":21},"end":{"line":21,"column":22}},"loc":{"start":{"line":21,"column":32},"end":{"line":23,"column":3}},"line":21}},"branchMap":{"0":{"loc":{"start":{"line":14,"column":2},"end":{"line":17,"column":3}},"type":"if","locations":[{"start":{"line":14,"column":2},"end":{"line":17,"column":3}},{"start":{"line":14,"column":2},"end":{"line":17,"column":3}}],"line":14},"1":{"loc":{"start":{"line":14,"column":6},"end":{"line":14,"column":25}},"type":"binary-expr","locations":[{"start":{"line":14,"column":6},"end":{"line":14,"column":12}},{"start":{"line":14,"column":16},"end":{"line":14,"column":25}}],"line":14},"2":{"loc":{"start":{"line":19,"column":2},"end":{"line":19,"column":33}},"type":"if","locations":[{"start":{"line":19,"column":2},"end":{"line":19,"column":33}},{"start":{"line":19,"column":2},"end":{"line":19,"column":33}}],"line":19}},"s":{"0":2,"1":8,"2":8,"3":8,"4":1,"5":1,"6":7,"7":6,"8":7,"9":2},"f":{"0":2,"1":8,"2":2},"b":{"0":[1,7],"1":[8,2],"2":[6,1]},"_coverageSchema":"332fd63041d2c1bcb487cc26dd0d5f7d97098a6c","hash":"2d5fc69164f61fa98ebca3143d50c7e8079de149"}
,"/Users/reking/Documents/Working/other/e-utils/lib/math.js": {"path":"/Users/reking/Documents/Working/other/e-utils/lib/math.js","statementMap":{"0":{"start":{"line":6,"column":0},"end":{"line":86,"column":5}},"1":{"start":{"line":7,"column":23},"end":{"line":7,"column":45}},"2":{"start":{"line":8,"column":16},"end":{"line":8,"column":59}},"3":{"start":{"line":16,"column":14},"end":{"line":16,"column":37}},"4":{"start":{"line":18,"column":2},"end":{"line":20,"column":3}},"5":{"start":{"line":19,"column":3},"end":{"line":19,"column":12}},"6":{"start":{"line":22,"column":2},"end":{"line":22,"column":39}},"7":{"start":{"line":30,"column":2},"end":{"line":34,"column":5}},"8":{"start":{"line":31,"column":12},"end":{"line":31,"column":28}},"9":{"start":{"line":32,"column":9},"end":{"line":32,"column":25}},"10":{"start":{"line":33,"column":3},"end":{"line":33,"column":28}},"11":{"start":{"line":37,"column":1},"end":{"line":45,"column":3}},"12":{"start":{"line":38,"column":16},"end":{"line":38,"column":50}},"13":{"start":{"line":41,"column":3},"end":{"line":41,"column":56}},"14":{"start":{"line":44,"column":2},"end":{"line":44,"column":49}},"15":{"start":{"line":46,"column":1},"end":{"line":59,"column":3}},"16":{"start":{"line":47,"column":16},"end":{"line":47,"column":50}},"17":{"start":{"line":48,"column":13},"end":{"line":48,"column":44}},"18":{"start":{"line":51,"column":3},"end":{"line":53,"column":4}},"19":{"start":{"line":52,"column":4},"end":{"line":52,"column":23}},"20":{"start":{"line":55,"column":3},"end":{"line":55,"column":56}},"21":{"start":{"line":58,"column":2},"end":{"line":58,"column":55}},"22":{"start":{"line":61,"column":1},"end":{"line":74,"column":3}},"23":{"start":{"line":62,"column":13},"end":{"line":62,"column":50}},"24":{"start":{"line":63,"column":7},"end":{"line":63,"column":8}},"25":{"start":{"line":64,"column":7},"end":{"line":64,"column":8}},"26":{"start":{"line":65,"column":2},"end":{"line":71,"column":5}},"27":{"start":{"line":67,"column":3},"end":{"line":67,"column":48}},"28":{"start":{"line":68,"column":3},"end":{"line":70,"column":17}},"29":{"start":{"line":69,"column":4},"end":{"line":69,"column":45}},"30":{"start":{"line":73,"column":2},"end":{"line":73,"column":29}},"31":{"start":{"line":75,"column":1},"end":{"line":85,"column":3}},"32":{"start":{"line":77,"column":17},"end":{"line":77,"column":55}},"33":{"start":{"line":79,"column":3},"end":{"line":81,"column":5}},"34":{"start":{"line":84,"column":2},"end":{"line":84,"column":36}}},"fnMap":{"0":{"name":"(anonymous_0)","decl":{"start":{"line":6,"column":2},"end":{"line":6,"column":3}},"loc":{"start":{"line":6,"column":13},"end":{"line":86,"column":1}},"line":6},"1":{"name":"multiplier","decl":{"start":{"line":15,"column":10},"end":{"line":15,"column":20}},"loc":{"start":{"line":15,"column":24},"end":{"line":23,"column":2}},"line":15},"2":{"name":"findMaxMult","decl":{"start":{"line":29,"column":10},"end":{"line":29,"column":21}},"loc":{"start":{"line":29,"column":24},"end":{"line":35,"column":2}},"line":29},"3":{"name":"(anonymous_3)","decl":{"start":{"line":30,"column":27},"end":{"line":30,"column":28}},"loc":{"start":{"line":30,"column":48},"end":{"line":34,"column":3}},"line":30},"4":{"name":"(anonymous_4)","decl":{"start":{"line":37,"column":12},"end":{"line":37,"column":13}},"loc":{"start":{"line":37,"column":23},"end":{"line":45,"column":2}},"line":37},"5":{"name":"reducer","decl":{"start":{"line":40,"column":11},"end":{"line":40,"column":18}},"loc":{"start":{"line":40,"column":46},"end":{"line":42,"column":3}},"line":40},"6":{"name":"(anonymous_6)","decl":{"start":{"line":46,"column":12},"end":{"line":46,"column":13}},"loc":{"start":{"line":46,"column":23},"end":{"line":59,"column":2}},"line":46},"7":{"name":"reducer","decl":{"start":{"line":50,"column":11},"end":{"line":50,"column":18}},"loc":{"start":{"line":50,"column":60},"end":{"line":56,"column":3}},"line":50},"8":{"name":"(anonymous_8)","decl":{"start":{"line":61,"column":12},"end":{"line":61,"column":13}},"loc":{"start":{"line":61,"column":23},"end":{"line":74,"column":2}},"line":61},"9":{"name":"(anonymous_9)","decl":{"start":{"line":65,"column":15},"end":{"line":65,"column":16}},"loc":{"start":{"line":65,"column":22},"end":{"line":71,"column":3}},"line":65},"10":{"name":"(anonymous_10)","decl":{"start":{"line":75,"column":12},"end":{"line":75,"column":13}},"loc":{"start":{"line":75,"column":23},"end":{"line":85,"column":2}},"line":75},"11":{"name":"reducer","decl":{"start":{"line":76,"column":11},"end":{"line":76,"column":18}},"loc":{"start":{"line":76,"column":46},"end":{"line":82,"column":3}},"line":76}},"branchMap":{"0":{"loc":{"start":{"line":18,"column":2},"end":{"line":20,"column":3}},"type":"if","locations":[{"start":{"line":18,"column":2},"end":{"line":20,"column":3}},{"start":{"line":18,"column":2},"end":{"line":20,"column":3}}],"line":18},"1":{"loc":{"start":{"line":33,"column":10},"end":{"line":33,"column":27}},"type":"cond-expr","locations":[{"start":{"line":33,"column":20},"end":{"line":33,"column":22}},{"start":{"line":33,"column":25},"end":{"line":33,"column":27}}],"line":33},"2":{"loc":{"start":{"line":51,"column":3},"end":{"line":53,"column":4}},"type":"if","locations":[{"start":{"line":51,"column":3},"end":{"line":53,"column":4}},{"start":{"line":51,"column":3},"end":{"line":53,"column":4}}],"line":51}},"s":{"0":1,"1":1,"2":1,"3":34,"4":34,"5":12,"6":22,"7":13,"8":17,"9":17,"10":17,"11":1,"12":6,"13":14,"14":6,"15":1,"16":3,"17":3,"18":8,"19":3,"20":5,"21":3,"22":1,"23":34,"24":34,"25":34,"26":34,"27":70,"28":70,"29":70,"30":34,"31":1,"32":4,"33":4,"34":3},"f":{"0":1,"1":34,"2":13,"3":17,"4":6,"5":14,"6":3,"7":8,"8":34,"9":70,"10":3,"11":4},"b":{"0":[12,22],"1":[1,16],"2":[3,5]},"_coverageSchema":"332fd63041d2c1bcb487cc26dd0d5f7d97098a6c","hash":"b140a295e6f768c8010cb79b36796ce0bbe9f264"}
,"/Users/reking/Documents/Working/other/e-utils/lib/throttle.js": {"path":"/Users/reking/Documents/Working/other/e-utils/lib/throttle.js","statementMap":{"0":{"start":{"line":9,"column":16},"end":{"line":9,"column":17}},"1":{"start":{"line":10,"column":1},"end":{"line":21,"column":3}},"2":{"start":{"line":11,"column":18},"end":{"line":11,"column":28}},"3":{"start":{"line":13,"column":2},"end":{"line":15,"column":3}},"4":{"start":{"line":14,"column":3},"end":{"line":14,"column":24}},"5":{"start":{"line":17,"column":2},"end":{"line":20,"column":3}},"6":{"start":{"line":18,"column":3},"end":{"line":18,"column":24}},"7":{"start":{"line":19,"column":3},"end":{"line":19,"column":36}}},"fnMap":{"0":{"name":"throttle","decl":{"start":{"line":8,"column":9},"end":{"line":8,"column":17}},"loc":{"start":{"line":8,"column":39},"end":{"line":22,"column":1}},"line":8},"1":{"name":"(anonymous_1)","decl":{"start":{"line":10,"column":8},"end":{"line":10,"column":9}},"loc":{"start":{"line":10,"column":19},"end":{"line":21,"column":2}},"line":10}},"branchMap":{"0":{"loc":{"start":{"line":13,"column":2},"end":{"line":15,"column":3}},"type":"if","locations":[{"start":{"line":13,"column":2},"end":{"line":15,"column":3}},{"start":{"line":13,"column":2},"end":{"line":15,"column":3}}],"line":13},"1":{"loc":{"start":{"line":13,"column":6},"end":{"line":13,"column":29}},"type":"binary-expr","locations":[{"start":{"line":13,"column":6},"end":{"line":13,"column":15}},{"start":{"line":13,"column":19},"end":{"line":13,"column":29}}],"line":13},"2":{"loc":{"start":{"line":17,"column":2},"end":{"line":20,"column":3}},"type":"if","locations":[{"start":{"line":17,"column":2},"end":{"line":20,"column":3}},{"start":{"line":17,"column":2},"end":{"line":20,"column":3}}],"line":17}},"s":{"0":2,"1":2,"2":15,"3":15,"4":1,"5":15,"6":9,"7":9},"f":{"0":2,"1":15},"b":{"0":[1,14],"1":[15,2],"2":[9,6]},"_coverageSchema":"332fd63041d2c1bcb487cc26dd0d5f7d97098a6c","hash":"3ade7c93c95ed6cf1e059fd8f6b74f13b5e55b04"}
,"/Users/reking/Documents/Working/other/e-utils/lib/type.js": {"path":"/Users/reking/Documents/Working/other/e-utils/lib/type.js","statementMap":{"0":{"start":{"line":4,"column":17},"end":{"line":4,"column":42}},"1":{"start":{"line":13,"column":1},"end":{"line":13,"column":48}},"2":{"start":{"line":23,"column":1},"end":{"line":23,"column":54}},"3":{"start":{"line":33,"column":1},"end":{"line":33,"column":67}},"4":{"start":{"line":43,"column":1},"end":{"line":43,"column":32}},"5":{"start":{"line":53,"column":1},"end":{"line":53,"column":47}},"6":{"start":{"line":63,"column":1},"end":{"line":63,"column":21}},"7":{"start":{"line":73,"column":1},"end":{"line":73,"column":35}},"8":{"start":{"line":83,"column":1},"end":{"line":83,"column":48}},"9":{"start":{"line":93,"column":1},"end":{"line":93,"column":47}},"10":{"start":{"line":103,"column":1},"end":{"line":103,"column":47}},"11":{"start":{"line":113,"column":1},"end":{"line":113,"column":47}},"12":{"start":{"line":123,"column":1},"end":{"line":123,"column":51}}},"fnMap":{"0":{"name":"isArray","decl":{"start":{"line":12,"column":9},"end":{"line":12,"column":16}},"loc":{"start":{"line":12,"column":22},"end":{"line":14,"column":1}},"line":12},"1":{"name":"isArrayBuffer","decl":{"start":{"line":22,"column":9},"end":{"line":22,"column":22}},"loc":{"start":{"line":22,"column":28},"end":{"line":24,"column":1}},"line":22},"2":{"name":"isFormData","decl":{"start":{"line":32,"column":9},"end":{"line":32,"column":19}},"loc":{"start":{"line":32,"column":25},"end":{"line":34,"column":1}},"line":32},"3":{"name":"isString","decl":{"start":{"line":42,"column":9},"end":{"line":42,"column":17}},"loc":{"start":{"line":42,"column":23},"end":{"line":44,"column":1}},"line":42},"4":{"name":"isNumber","decl":{"start":{"line":52,"column":9},"end":{"line":52,"column":17}},"loc":{"start":{"line":52,"column":23},"end":{"line":54,"column":1}},"line":52},"5":{"name":"isNull","decl":{"start":{"line":62,"column":9},"end":{"line":62,"column":15}},"loc":{"start":{"line":62,"column":21},"end":{"line":64,"column":1}},"line":62},"6":{"name":"isUndefined","decl":{"start":{"line":72,"column":9},"end":{"line":72,"column":20}},"loc":{"start":{"line":72,"column":26},"end":{"line":74,"column":1}},"line":72},"7":{"name":"isObject","decl":{"start":{"line":82,"column":9},"end":{"line":82,"column":17}},"loc":{"start":{"line":82,"column":23},"end":{"line":84,"column":1}},"line":82},"8":{"name":"isDate","decl":{"start":{"line":92,"column":9},"end":{"line":92,"column":15}},"loc":{"start":{"line":92,"column":21},"end":{"line":94,"column":1}},"line":92},"9":{"name":"isFile","decl":{"start":{"line":102,"column":9},"end":{"line":102,"column":15}},"loc":{"start":{"line":102,"column":21},"end":{"line":104,"column":1}},"line":102},"10":{"name":"isBlob","decl":{"start":{"line":112,"column":9},"end":{"line":112,"column":15}},"loc":{"start":{"line":112,"column":21},"end":{"line":114,"column":1}},"line":112},"11":{"name":"isFunction","decl":{"start":{"line":122,"column":9},"end":{"line":122,"column":19}},"loc":{"start":{"line":122,"column":25},"end":{"line":124,"column":1}},"line":122}},"branchMap":{"0":{"loc":{"start":{"line":33,"column":8},"end":{"line":33,"column":66}},"type":"binary-expr","locations":[{"start":{"line":33,"column":8},"end":{"line":33,"column":39}},{"start":{"line":33,"column":43},"end":{"line":33,"column":66}}],"line":33},"1":{"loc":{"start":{"line":53,"column":8},"end":{"line":53,"column":46}},"type":"binary-expr","locations":[{"start":{"line":53,"column":8},"end":{"line":53,"column":31}},{"start":{"line":53,"column":35},"end":{"line":53,"column":46}}],"line":53},"2":{"loc":{"start":{"line":83,"column":8},"end":{"line":83,"column":47}},"type":"binary-expr","locations":[{"start":{"line":83,"column":8},"end":{"line":83,"column":20}},{"start":{"line":83,"column":24},"end":{"line":83,"column":47}}],"line":83}},"s":{"0":1,"1":3,"2":2,"3":2,"4":2,"5":4,"6":2,"7":2,"8":3,"9":2,"10":2,"11":2,"12":4},"f":{"0":3,"1":2,"2":2,"3":2,"4":4,"5":2,"6":2,"7":3,"8":2,"9":2,"10":2,"11":4},"b":{"0":[2,2],"1":[4,3],"2":[3,2]},"_coverageSchema":"332fd63041d2c1bcb487cc26dd0d5f7d97098a6c","hash":"cb5218e55ad047a1e4b3b996e2117b13aceef52b"}
}
