{"/Users/reking/Documents/Working/other/e-utils/lib/cookie.js": {"path":"/Users/reking/Documents/Working/other/e-utils/lib/cookie.js","statementMap":{"0":{"start":{"line":5,"column":16},"end":{"line":78,"column":1}},"1":{"start":{"line":14,"column":2},"end":{"line":23,"column":3}},"2":{"start":{"line":15,"column":17},"end":{"line":15,"column":44}},"3":{"start":{"line":16,"column":3},"end":{"line":22,"column":4}},"4":{"start":{"line":18,"column":4},"end":{"line":21,"column":5}},"5":{"start":{"line":19,"column":5},"end":{"line":19,"column":50}},"6":{"start":{"line":20,"column":5},"end":{"line":20,"column":11}},"7":{"start":{"line":24,"column":2},"end":{"line":24,"column":39}},"8":{"start":{"line":34,"column":2},"end":{"line":43,"column":4}},"9":{"start":{"line":45,"column":2},"end":{"line":49,"column":3}},"10":{"start":{"line":46,"column":3},"end":{"line":48,"column":5}},"11":{"start":{"line":51,"column":2},"end":{"line":55,"column":3}},"12":{"start":{"line":52,"column":3},"end":{"line":54,"column":17}},"13":{"start":{"line":53,"column":4},"end":{"line":53,"column":34}},"14":{"start":{"line":57,"column":2},"end":{"line":57,"column":32}},"15":{"start":{"line":59,"column":2},"end":{"line":65,"column":14}},"16":{"start":{"line":73,"column":2},"end":{"line":75,"column":5}},"17":{"start":{"line":76,"column":2},"end":{"line":76,"column":24}}},"fnMap":{},"branchMap":{"0":{"loc":{"start":{"line":12,"column":10},"end":{"line":12,"column":37}},"type":"default-arg","locations":[{"start":{"line":12,"column":19},"end":{"line":12,"column":37}}],"line":12},"1":{"loc":{"start":{"line":14,"column":2},"end":{"line":23,"column":3}},"type":"if","locations":[{"start":{"line":14,"column":2},"end":{"line":23,"column":3}},{"start":{"line":14,"column":2},"end":{"line":23,"column":3}}],"line":14},"2":{"loc":{"start":{"line":14,"column":6},"end":{"line":14,"column":54}},"type":"binary-expr","locations":[{"start":{"line":14,"column":6},"end":{"line":14,"column":9}},{"start":{"line":14,"column":13},"end":{"line":14,"column":28}},{"start":{"line":14,"column":32},"end":{"line":14,"column":54}}],"line":14},"3":{"loc":{"start":{"line":18,"column":4},"end":{"line":21,"column":5}},"type":"if","locations":[{"start":{"line":18,"column":4},"end":{"line":21,"column":5}},{"start":{"line":18,"column":4},"end":{"line":21,"column":5}}],"line":18},"4":{"loc":{"start":{"line":24,"column":9},"end":{"line":24,"column":38}},"type":"cond-expr","locations":[{"start":{"line":24,"column":17},"end":{"line":24,"column":30}},{"start":{"line":24,"column":33},"end":{"line":24,"column":38}}],"line":24},"5":{"loc":{"start":{"line":45,"column":2},"end":{"line":49,"column":3}},"type":"if","locations":[{"start":{"line":45,"column":2},"end":{"line":49,"column":3}},{"start":{"line":45,"column":2},"end":{"line":49,"column":3}}],"line":45},"6":{"loc":{"start":{"line":51,"column":2},"end":{"line":55,"column":3}},"type":"if","locations":[{"start":{"line":51,"column":2},"end":{"line":55,"column":3}},{"start":{"line":51,"column":2},"end":{"line":55,"column":3}}],"line":51},"7":{"loc":{"start":{"line":61,"column":3},"end":{"line":61,"column":70}},"type":"cond-expr","locations":[{"start":{"line":61,"column":21},"end":{"line":61,"column":65}},{"start":{"line":61,"column":68},"end":{"line":61,"column":70}}],"line":61},"8":{"loc":{"start":{"line":62,"column":3},"end":{"line":62,"column":47}},"type":"cond-expr","locations":[{"start":{"line":62,"column":18},"end":{"line":62,"column":42}},{"start":{"line":62,"column":45},"end":{"line":62,"column":47}}],"line":62},"9":{"loc":{"start":{"line":63,"column":3},"end":{"line":63,"column":53}},"type":"cond-expr","locations":[{"start":{"line":63,"column":20},"end":{"line":63,"column":48}},{"start":{"line":63,"column":51},"end":{"line":63,"column":53}}],"line":63},"10":{"loc":{"start":{"line":64,"column":3},"end":{"line":64,"column":35}},"type":"cond-expr","locations":[{"start":{"line":64,"column":20},"end":{"line":64,"column":30}},{"start":{"line":64,"column":33},"end":{"line":64,"column":35}}],"line":64}},"s":{"0":1,"1":7,"2":5,"3":5,"4":5,"5":5,"6":5,"7":7,"8":7,"9":7,"10":6,"11":7,"12":1,"13":1,"14":7,"15":7,"16":1,"17":1},"f":{},"b":{"0":[7],"1":[5,2],"2":[7,7,5],"3":[5,0],"4":[5,2],"5":[6,1],"6":[1,6],"7":[7,0],"8":[7,0],"9":[1,6],"10":[0,7]},"_coverageSchema":"332fd63041d2c1bcb487cc26dd0d5f7d97098a6c","hash":"f0378482d467a15cedce7305ab3fe286bb0b952b"}
}
