TN:
SF:/Users/reking/Documents/Working/other/e-utils/lib/cookie.js
FNF:0
FNH:0
DA:5,1
DA:14,7
DA:15,5
DA:16,5
DA:18,5
DA:19,5
DA:20,5
DA:24,7
DA:34,7
DA:45,7
DA:46,6
DA:51,7
DA:52,1
DA:53,1
DA:57,7
DA:59,7
DA:73,1
DA:76,1
LF:18
LH:18
BRDA:12,0,0,7
BRDA:14,1,0,5
BRDA:14,1,1,2
BRDA:14,2,0,7
BRDA:14,2,1,7
BRDA:14,2,2,5
BRDA:18,3,0,5
BRDA:18,3,1,0
BRDA:24,4,0,5
BRDA:24,4,1,2
BRDA:45,5,0,6
BRDA:45,5,1,1
BRDA:51,6,0,1
BRDA:51,6,1,6
BRDA:61,7,0,7
BRDA:61,7,1,0
BRDA:62,8,0,7
BRDA:62,8,1,0
BRDA:63,9,0,1
BRDA:63,9,1,6
BRDA:64,10,0,0
BRDA:64,10,1,7
BRF:22
BRH:18
end_of_record
