TN:
SF:/Users/reking/Documents/Working/other/e-utils/lib/cookie.js
FNF:0
FNH:0
DA:5,1
DA:14,7
DA:15,5
DA:16,5
DA:18,5
DA:19,5
DA:20,5
DA:24,7
DA:34,7
DA:45,7
DA:46,6
DA:51,7
DA:52,1
DA:53,1
DA:57,7
DA:59,7
DA:73,1
DA:76,1
LF:18
LH:18
BRDA:12,0,0,7
BRDA:14,1,0,5
BRDA:14,1,1,2
BRDA:14,2,0,7
BRDA:14,2,1,7
BRDA:14,2,2,5
BRDA:18,3,0,5
BRDA:18,3,1,0
BRDA:24,4,0,5
BRDA:24,4,1,2
BRDA:45,5,0,6
BRDA:45,5,1,1
BRDA:51,6,0,1
BRDA:51,6,1,6
BRDA:61,7,0,7
BRDA:61,7,1,0
BRDA:62,8,0,7
BRDA:62,8,1,0
BRDA:63,9,0,1
BRDA:63,9,1,6
BRDA:64,10,0,0
BRDA:64,10,1,7
BRF:22
BRH:18
end_of_record
TN:
SF:/Users/reking/Documents/Working/other/e-utils/lib/currying.js
FN:6,currying
FN:8,(anonymous_1)
FNF:2
FNH:2
FNDA:1,currying
FNDA:1,(anonymous_1)
DA:7,1
DA:8,1
DA:9,1
DA:10,1
LF:4
LH:4
BRF:0
BRH:0
end_of_record
TN:
SF:/Users/reking/Documents/Working/other/e-utils/lib/debounce.js
FN:8,debounce
FN:10,(anonymous_1)
FN:21,(anonymous_2)
FNF:3
FNH:3
FNDA:2,debounce
FNDA:8,(anonymous_1)
FNDA:2,(anonymous_2)
DA:10,2
DA:11,8
DA:12,8
DA:14,8
DA:15,1
DA:16,1
DA:19,7
DA:21,7
DA:22,2
LF:9
LH:9
BRDA:14,0,0,1
BRDA:14,0,1,7
BRDA:14,1,0,8
BRDA:14,1,1,2
BRDA:19,2,0,6
BRDA:19,2,1,1
BRF:6
BRH:6
end_of_record
TN:
SF:/Users/reking/Documents/Working/other/e-utils/lib/math.js
FN:6,(anonymous_0)
FN:15,multiplier
FN:29,findMaxMult
FN:30,(anonymous_3)
FN:37,(anonymous_4)
FN:40,reducer
FN:46,(anonymous_6)
FN:50,reducer
FN:61,(anonymous_8)
FN:65,(anonymous_9)
FN:75,(anonymous_10)
FN:76,reducer
FNF:12
FNH:12
FNDA:1,(anonymous_0)
FNDA:34,multiplier
FNDA:13,findMaxMult
FNDA:17,(anonymous_3)
FNDA:6,(anonymous_4)
FNDA:14,reducer
FNDA:3,(anonymous_6)
FNDA:8,reducer
FNDA:34,(anonymous_8)
FNDA:70,(anonymous_9)
FNDA:3,(anonymous_10)
FNDA:4,reducer
DA:6,1
DA:7,1
DA:8,1
DA:16,34
DA:18,34
DA:19,12
DA:22,22
DA:30,13
DA:31,17
DA:32,17
DA:33,17
DA:37,1
DA:38,6
DA:41,14
DA:44,6
DA:46,1
DA:47,3
DA:48,3
DA:51,8
DA:52,3
DA:55,5
DA:58,3
DA:61,1
DA:62,34
DA:63,34
DA:64,34
DA:65,34
DA:67,70
DA:68,70
DA:69,70
DA:73,34
DA:75,1
DA:77,4
DA:79,4
DA:84,3
LF:35
LH:35
BRDA:18,0,0,12
BRDA:18,0,1,22
BRDA:33,1,0,1
BRDA:33,1,1,16
BRDA:51,2,0,3
BRDA:51,2,1,5
BRF:6
BRH:6
end_of_record
TN:
SF:/Users/reking/Documents/Working/other/e-utils/lib/throttle.js
FN:8,throttle
FN:10,(anonymous_1)
FNF:2
FNH:2
FNDA:2,throttle
FNDA:15,(anonymous_1)
DA:9,2
DA:10,2
DA:11,15
DA:13,15
DA:14,1
DA:17,15
DA:18,9
DA:19,9
LF:8
LH:8
BRDA:13,0,0,1
BRDA:13,0,1,14
BRDA:13,1,0,15
BRDA:13,1,1,2
BRDA:17,2,0,9
BRDA:17,2,1,6
BRF:6
BRH:6
end_of_record
TN:
SF:/Users/reking/Documents/Working/other/e-utils/lib/type.js
FN:12,isArray
FN:22,isArrayBuffer
FN:32,isFormData
FN:42,isString
FN:52,isNumber
FN:62,isNull
FN:72,isUndefined
FN:82,isObject
FN:92,isDate
FN:102,isFile
FN:112,isBlob
FN:122,isFunction
FNF:12
FNH:12
FNDA:3,isArray
FNDA:2,isArrayBuffer
FNDA:2,isFormData
FNDA:2,isString
FNDA:4,isNumber
FNDA:2,isNull
FNDA:2,isUndefined
FNDA:3,isObject
FNDA:2,isDate
FNDA:2,isFile
FNDA:2,isBlob
FNDA:4,isFunction
DA:4,1
DA:13,3
DA:23,2
DA:33,2
DA:43,2
DA:53,4
DA:63,2
DA:73,2
DA:83,3
DA:93,2
DA:103,2
DA:113,2
DA:123,4
LF:13
LH:13
BRDA:33,0,0,2
BRDA:33,0,1,2
BRDA:53,1,0,4
BRDA:53,1,1,3
BRDA:83,2,0,3
BRDA:83,2,1,2
BRF:6
BRH:6
end_of_record
